{"name": "test_empty_garage_after_registration_2", "status": "failed", "statusDetails": {"message": "AssertionError: assert [<selenium.webdriver.remote.webelement.WebElement (session=\"e481a9518dd263fa7c2c80c6c4172ea0\", element=\"B60E5EA83831C493A84D11C68C20657F_element_28\")>] is None", "trace": "self = <test_hw12_allure.TestRegistration object at 0x00000235AB40BB20>\n\n    @allure.feature('Raw test')\n    @allure.link(\"https://google.com\", name=\"Test case link\")\n    @allure.issue(\"https://google.com\", name=\"Jira issue link\")\n    def test_empty_garage_after_registration_2(self):  # Not optimized test case as example\n        # self._driver.implicitly_wait(3)\n        # self._driver.get(\"https://guest:welcome2qauto@qauto2.forstudy.space/\")\n        sign_up_button = self._driver.find_element(By.XPATH, \"//button[text()='Sign up']\")\n        sign_up_button.click()\n        first_name_field = self._driver.find_element(By.ID, \"signupName\")\n        first_name_field.send_keys(self.user_first_name)\n        last_name_field = self._driver.find_element(By.ID, \"signupLastName\")\n        last_name_field.send_keys(self.user_last_name)\n        email_field = self._driver.find_element(By.ID, \"signupEmail\")\n        email_field.send_keys(self.user_email)\n        password_field = self._driver.find_element(By.ID, \"signupPassword\")\n        password_field.send_keys(self.user_password)\n        repeat_password_field = self._driver.find_element(By.ID, \"signupRepeatPassword\")\n        repeat_password_field.send_keys(self.user_password)\n        register_button = self._driver.find_element(By.XPATH, \"//button[text()='Register']\")\n        register_button.click()\n        empty_garage = self._driver.find_elements(By.XPATH, \"//p[text()='You don’t have any cars in your garage']\")\n        # empty_garage = WebDriverWait(self._driver, 10).until(expected_conditions.visibility_of_element_located((By.XPATH, \"//p[text()='You don’t have any cars in your garage']\")))\n>       assert empty_garage is None\nE       assert [<selenium.webdriver.remote.webelement.WebElement (session=\"e481a9518dd263fa7c2c80c6c4172ea0\", element=\"B60E5EA83831C493A84D11C68C20657F_element_28\")>] is None\n\ntest_hw12_allure.py:80: AssertionError"}, "start": 1697979821683, "stop": 1697979823432, "uuid": "130f9ebe-d752-4f54-84c9-29c091b9ddc9", "historyId": "a9f7d5b221cca90cf4216d099e537a83", "testCaseId": "a9f7d5b221cca90cf4216d099e537a83", "fullName": "test_hw12_allure.TestRegistration#test_empty_garage_after_registration_2", "labels": [{"name": "feature", "value": "Raw test"}, {"name": "suite", "value": "test_hw12_allure"}, {"name": "subSuite", "value": "TestRegistration"}, {"name": "host", "value": "A-PC"}, {"name": "thread", "value": "14976-MainThread"}, {"name": "framework", "value": "pytest"}, {"name": "language", "value": "cpython3"}, {"name": "package", "value": "test_hw12_allure"}], "links": [{"type": "issue", "url": "https://google.com", "name": "Jira issue link"}, {"type": "link", "url": "https://google.com", "name": "Test case link"}]}