{"name": "test_empty_garage_after_registration_2", "status": "failed", "statusDetails": {"message": "AssertionError: assert [<selenium.webdriver.remote.webelement.WebElement (session=\"d05f99d5259f0bd97ff955ed9f462349\", element=\"4B0A7402DDA53CA5B31D33DCA4D4A99E_element_28\")>] is None", "trace": "self = <test_hw12_allure.TestRegistration object at 0x000001D5606A72E0>\n\n    @allure.feature('Raw test')\n    def test_empty_garage_after_registration_2(self):  # Not optimized test case as example\n        # self._driver.implicitly_wait(3)\n        # self._driver.get(\"https://guest:welcome2qauto@qauto2.forstudy.space/\")\n        sign_up_button = self._driver.find_element(By.XPATH, \"//button[text()='Sign up']\")\n        sign_up_button.click()\n        first_name_field = self._driver.find_element(By.ID, \"signupName\")\n        first_name_field.send_keys(self.user_first_name)\n        last_name_field = self._driver.find_element(By.ID, \"signupLastName\")\n        last_name_field.send_keys(self.user_last_name)\n        email_field = self._driver.find_element(By.ID, \"signupEmail\")\n        email_field.send_keys(self.user_email)\n        password_field = self._driver.find_element(By.ID, \"signupPassword\")\n        password_field.send_keys(self.user_password)\n        repeat_password_field = self._driver.find_element(By.ID, \"signupRepeatPassword\")\n        repeat_password_field.send_keys(self.user_password)\n        register_button = self._driver.find_element(By.XPATH, \"//button[text()='Register']\")\n        register_button.click()\n        empty_garage = self._driver.find_elements(By.XPATH, \"//p[text()='You don’t have any cars in your garage']\")\n        # empty_garage = WebDriverWait(self._driver, 10).until(expected_conditions.visibility_of_element_located((By.XPATH, \"//p[text()='You don’t have any cars in your garage']\")))\n>       assert empty_garage is None\nE       assert [<selenium.webdriver.remote.webelement.WebElement (session=\"d05f99d5259f0bd97ff955ed9f462349\", element=\"4B0A7402DDA53CA5B31D33DCA4D4A99E_element_28\")>] is None\n\ntest_hw12_allure.py:76: AssertionError"}, "start": 1697977522648, "stop": 1697977524241, "uuid": "908c79f5-12db-47b2-9d01-cbe7ba93affb", "historyId": "a9f7d5b221cca90cf4216d099e537a83", "testCaseId": "a9f7d5b221cca90cf4216d099e537a83", "fullName": "test_hw12_allure.TestRegistration#test_empty_garage_after_registration_2", "labels": [{"name": "feature", "value": "Raw test"}, {"name": "suite", "value": "test_hw12_allure"}, {"name": "subSuite", "value": "TestRegistration"}, {"name": "host", "value": "A-PC"}, {"name": "thread", "value": "14028-MainThread"}, {"name": "framework", "value": "pytest"}, {"name": "language", "value": "cpython3"}, {"name": "package", "value": "test_hw12_allure"}]}